2023-09-07 15:42:16,388 INFO o.a.j.u.JMeterUtils: Setting Locale to en_IN
2023-09-07 15:42:16,446 INFO o.a.j.JMeter: Loading user properties from: user.properties
2023-09-07 15:42:16,461 INFO o.a.j.JMeter: Loading system properties from: system.properties
2023-09-07 15:42:16,473 INFO o.a.j.JMeter: Copyright (c) 1998-2023 The Apache Software Foundation
2023-09-07 15:42:16,473 INFO o.a.j.JMeter: Version 5.6.2
2023-09-07 15:42:16,473 INFO o.a.j.JMeter: java.version=16.0.2
2023-09-07 15:42:16,473 INFO o.a.j.JMeter: java.vm.name=Java HotSpot(TM) 64-Bit Server VM
2023-09-07 15:42:16,473 INFO o.a.j.JMeter: os.name=Windows 10
2023-09-07 15:42:16,473 INFO o.a.j.JMeter: os.arch=amd64
2023-09-07 15:42:16,473 INFO o.a.j.JMeter: os.version=10.0
2023-09-07 15:42:16,473 INFO o.a.j.JMeter: file.encoding=Cp1252
2023-09-07 15:42:16,473 INFO o.a.j.JMeter: java.awt.headless=null
2023-09-07 15:42:16,473 INFO o.a.j.JMeter: Max memory     =4229955584
2023-09-07 15:42:16,473 INFO o.a.j.JMeter: Available Processors =8
2023-09-07 15:42:16,488 INFO o.a.j.JMeter: Default Locale=English (India)
2023-09-07 15:42:16,488 INFO o.a.j.JMeter: JMeter  Locale=English (India)
2023-09-07 15:42:16,488 INFO o.a.j.JMeter: JMeterHome=C:\apache-jmeter-5.6.2
2023-09-07 15:42:16,488 INFO o.a.j.JMeter: user.dir  =C:\apache-jmeter-5.6.2\bin
2023-09-07 15:42:16,488 INFO o.a.j.JMeter: PWD       =C:\apache-jmeter-5.6.2\bin
2023-09-07 15:42:16,488 INFO o.a.j.JMeter: IP: 192.168.29.9 Name: mayankgrover FullName: mayankgrover.Nagarro.local
2023-09-07 15:42:16,510 INFO o.a.j.JMeter: Loaded icon properties from org/apache/jmeter/images/icon.properties
2023-09-07 15:42:16,957 INFO o.a.j.JMeterGuiLauncher: Setting LAF to: com.github.weisj.darklaf.DarkLaf:com.github.weisj.darklaf.theme.DarculaTheme
2023-09-07 15:42:21,019 INFO o.a.j.r.ClassFinder: Will scan jar C:\apache-jmeter-5.6.2\lib\ext\jmeter-plugins-graphs-basic-2.0.jar with filter ExtendsClassFilter [parents=[interface org.apache.jmeter.gui.action.Command], inner=false, contains=null, notContains=null]. Consider exposing JMeter plugins via META-INF/services, and add JMeter-Skip-Class-Scanning=true manifest attribute so JMeter can skip classfile scanning
2023-09-07 15:42:21,033 INFO o.a.j.r.ClassFinder: Will scan jar C:\apache-jmeter-5.6.2\lib\ext\jmeter-plugins-cmd-2.2.jar with filter ExtendsClassFilter [parents=[interface org.apache.jmeter.gui.action.Command], inner=false, contains=null, notContains=null]. Consider exposing JMeter plugins via META-INF/services, and add JMeter-Skip-Class-Scanning=true manifest attribute so JMeter can skip classfile scanning
2023-09-07 15:42:21,034 INFO o.a.j.r.ClassFinder: Will scan jar C:\apache-jmeter-5.6.2\lib\ext\jmeter-plugins-plancheck-2.4.jar with filter ExtendsClassFilter [parents=[interface org.apache.jmeter.gui.action.Command], inner=false, contains=null, notContains=null]. Consider exposing JMeter plugins via META-INF/services, and add JMeter-Skip-Class-Scanning=true manifest attribute so JMeter can skip classfile scanning
2023-09-07 15:42:21,034 INFO o.a.j.r.ClassFinder: Will scan jar C:\apache-jmeter-5.6.2\lib\ext\jmeter-plugins-csl-0.1.jar with filter ExtendsClassFilter [parents=[interface org.apache.jmeter.gui.action.Command], inner=false, contains=null, notContains=null]. Consider exposing JMeter plugins via META-INF/services, and add JMeter-Skip-Class-Scanning=true manifest attribute so JMeter can skip classfile scanning
2023-09-07 15:42:21,041 INFO o.a.j.r.ClassFinder: Will scan jar C:\apache-jmeter-5.6.2\lib\ext\jmeter-plugins-perfmon-2.1.jar with filter ExtendsClassFilter [parents=[interface org.apache.jmeter.gui.action.Command], inner=false, contains=null, notContains=null]. Consider exposing JMeter plugins via META-INF/services, and add JMeter-Skip-Class-Scanning=true manifest attribute so JMeter can skip classfile scanning
2023-09-07 15:42:21,048 INFO o.a.j.r.ClassFinder: Will scan jar C:\apache-jmeter-5.6.2\lib\ext\jmeter-plugins-dummy-0.4.jar with filter ExtendsClassFilter [parents=[interface org.apache.jmeter.gui.action.Command], inner=false, contains=null, notContains=null]. Consider exposing JMeter plugins via META-INF/services, and add JMeter-Skip-Class-Scanning=true manifest attribute so JMeter can skip classfile scanning
2023-09-07 15:42:21,056 INFO o.a.j.r.ClassFinder: Will scan jar C:\apache-jmeter-5.6.2\lib\ext\jmeter-plugins-graphs-ggl-2.0.jar with filter ExtendsClassFilter [parents=[interface org.apache.jmeter.gui.action.Command], inner=false, contains=null, notContains=null]. Consider exposing JMeter plugins via META-INF/services, and add JMeter-Skip-Class-Scanning=true manifest attribute so JMeter can skip classfile scanning
2023-09-07 15:42:21,064 INFO o.a.j.r.ClassFinder: Will scan jar C:\apache-jmeter-5.6.2\lib\ext\jmeter-plugins-manager-1.9.jar with filter ExtendsClassFilter [parents=[interface org.apache.jmeter.gui.action.Command], inner=false, contains=null, notContains=null]. Consider exposing JMeter plugins via META-INF/services, and add JMeter-Skip-Class-Scanning=true manifest attribute so JMeter can skip classfile scanning
2023-09-07 15:42:21,200 INFO o.a.j.r.ClassFinder: Will scan jar C:\apache-jmeter-5.6.2\lib\ext\jmeter-plugins-casutg-2.10.jar with filter ExtendsClassFilter [parents=[interface org.apache.jmeter.gui.action.Command], inner=false, contains=null, notContains=null]. Consider exposing JMeter plugins via META-INF/services, and add JMeter-Skip-Class-Scanning=true manifest attribute so JMeter can skip classfile scanning
2023-09-07 15:42:21,210 INFO o.a.j.r.ClassFinder: Will scan jar C:\apache-jmeter-5.6.2\lib\ext\jmeter-plugins-webdriver-4.10.0.0.jar with filter ExtendsClassFilter [parents=[interface org.apache.jmeter.gui.action.Command], inner=false, contains=null, notContains=null]. Consider exposing JMeter plugins via META-INF/services, and add JMeter-Skip-Class-Scanning=true manifest attribute so JMeter can skip classfile scanning
2023-09-07 15:42:21,268 INFO o.a.j.r.ClassFinder: Will scan jar C:\apache-jmeter-5.6.2\lib\ext\jmeter-plugins-wsc-0.7.jar with filter ExtendsClassFilter [parents=[interface org.apache.jmeter.gui.action.Command], inner=false, contains=null, notContains=null]. Consider exposing JMeter plugins via META-INF/services, and add JMeter-Skip-Class-Scanning=true manifest attribute so JMeter can skip classfile scanning
2023-09-07 15:42:21,269 INFO o.a.j.r.ClassFinder: Will scan jar C:\apache-jmeter-5.6.2\lib\ext\jmeter-plugins-fifo-0.2.jar with filter ExtendsClassFilter [parents=[interface org.apache.jmeter.gui.action.Command], inner=false, contains=null, notContains=null]. Consider exposing JMeter plugins via META-INF/services, and add JMeter-Skip-Class-Scanning=true manifest attribute so JMeter can skip classfile scanning
2023-09-07 15:42:21,274 INFO o.a.j.r.ClassFinder: Will scan jar C:\apache-jmeter-5.6.2\lib\ext\jmeter-plugins-graphs-additional-2.0.jar with filter ExtendsClassFilter [parents=[interface org.apache.jmeter.gui.action.Command], inner=false, contains=null, notContains=null]. Consider exposing JMeter plugins via META-INF/services, and add JMeter-Skip-Class-Scanning=true manifest attribute so JMeter can skip classfile scanning
2023-09-07 15:42:21,360 INFO o.a.j.r.ClassFinder: Will scan jar C:\apache-jmeter-5.6.2\lib\ext\jmeter-plugins-graphs-basic-2.0.jar with filter ExtendsClassFilter [parents=[interface org.apache.jmeter.gui.plugin.MenuCreator], inner=false, contains=null, notContains=null]. Consider exposing JMeter plugins via META-INF/services, and add JMeter-Skip-Class-Scanning=true manifest attribute so JMeter can skip classfile scanning
2023-09-07 15:42:21,360 INFO o.a.j.r.ClassFinder: Will scan jar C:\apache-jmeter-5.6.2\lib\ext\jmeter-plugins-cmd-2.2.jar with filter ExtendsClassFilter [parents=[interface org.apache.jmeter.gui.plugin.MenuCreator], inner=false, contains=null, notContains=null]. Consider exposing JMeter plugins via META-INF/services, and add JMeter-Skip-Class-Scanning=true manifest attribute so JMeter can skip classfile scanning
2023-09-07 15:42:21,360 INFO o.a.j.r.ClassFinder: Will scan jar C:\apache-jmeter-5.6.2\lib\ext\jmeter-plugins-plancheck-2.4.jar with filter ExtendsClassFilter [parents=[interface org.apache.jmeter.gui.plugin.MenuCreator], inner=false, contains=null, notContains=null]. Consider exposing JMeter plugins via META-INF/services, and add JMeter-Skip-Class-Scanning=true manifest attribute so JMeter can skip classfile scanning
2023-09-07 15:42:21,362 INFO o.a.j.r.ClassFinder: Will scan jar C:\apache-jmeter-5.6.2\lib\ext\jmeter-plugins-csl-0.1.jar with filter ExtendsClassFilter [parents=[interface org.apache.jmeter.gui.plugin.MenuCreator], inner=false, contains=null, notContains=null]. Consider exposing JMeter plugins via META-INF/services, and add JMeter-Skip-Class-Scanning=true manifest attribute so JMeter can skip classfile scanning
2023-09-07 15:42:21,362 INFO o.a.j.r.ClassFinder: Will scan jar C:\apache-jmeter-5.6.2\lib\ext\jmeter-plugins-perfmon-2.1.jar with filter ExtendsClassFilter [parents=[interface org.apache.jmeter.gui.plugin.MenuCreator], inner=false, contains=null, notContains=null]. Consider exposing JMeter plugins via META-INF/services, and add JMeter-Skip-Class-Scanning=true manifest attribute so JMeter can skip classfile scanning
2023-09-07 15:42:21,364 INFO o.a.j.r.ClassFinder: Will scan jar C:\apache-jmeter-5.6.2\lib\ext\jmeter-plugins-dummy-0.4.jar with filter ExtendsClassFilter [parents=[interface org.apache.jmeter.gui.plugin.MenuCreator], inner=false, contains=null, notContains=null]. Consider exposing JMeter plugins via META-INF/services, and add JMeter-Skip-Class-Scanning=true manifest attribute so JMeter can skip classfile scanning
2023-09-07 15:42:21,364 INFO o.a.j.r.ClassFinder: Will scan jar C:\apache-jmeter-5.6.2\lib\ext\jmeter-plugins-graphs-ggl-2.0.jar with filter ExtendsClassFilter [parents=[interface org.apache.jmeter.gui.plugin.MenuCreator], inner=false, contains=null, notContains=null]. Consider exposing JMeter plugins via META-INF/services, and add JMeter-Skip-Class-Scanning=true manifest attribute so JMeter can skip classfile scanning
2023-09-07 15:42:21,366 INFO o.a.j.r.ClassFinder: Will scan jar C:\apache-jmeter-5.6.2\lib\ext\jmeter-plugins-manager-1.9.jar with filter ExtendsClassFilter [parents=[interface org.apache.jmeter.gui.plugin.MenuCreator], inner=false, contains=null, notContains=null]. Consider exposing JMeter plugins via META-INF/services, and add JMeter-Skip-Class-Scanning=true manifest attribute so JMeter can skip classfile scanning
2023-09-07 15:42:21,366 INFO o.a.j.r.ClassFinder: Will scan jar C:\apache-jmeter-5.6.2\lib\ext\jmeter-plugins-casutg-2.10.jar with filter ExtendsClassFilter [parents=[interface org.apache.jmeter.gui.plugin.MenuCreator], inner=false, contains=null, notContains=null]. Consider exposing JMeter plugins via META-INF/services, and add JMeter-Skip-Class-Scanning=true manifest attribute so JMeter can skip classfile scanning
2023-09-07 15:42:21,366 INFO o.a.j.r.ClassFinder: Will scan jar C:\apache-jmeter-5.6.2\lib\ext\jmeter-plugins-webdriver-4.10.0.0.jar with filter ExtendsClassFilter [parents=[interface org.apache.jmeter.gui.plugin.MenuCreator], inner=false, contains=null, notContains=null]. Consider exposing JMeter plugins via META-INF/services, and add JMeter-Skip-Class-Scanning=true manifest attribute so JMeter can skip classfile scanning
2023-09-07 15:42:21,366 INFO o.a.j.r.ClassFinder: Will scan jar C:\apache-jmeter-5.6.2\lib\ext\jmeter-plugins-wsc-0.7.jar with filter ExtendsClassFilter [parents=[interface org.apache.jmeter.gui.plugin.MenuCreator], inner=false, contains=null, notContains=null]. Consider exposing JMeter plugins via META-INF/services, and add JMeter-Skip-Class-Scanning=true manifest attribute so JMeter can skip classfile scanning
2023-09-07 15:42:21,366 INFO o.a.j.r.ClassFinder: Will scan jar C:\apache-jmeter-5.6.2\lib\ext\jmeter-plugins-fifo-0.2.jar with filter ExtendsClassFilter [parents=[interface org.apache.jmeter.gui.plugin.MenuCreator], inner=false, contains=null, notContains=null]. Consider exposing JMeter plugins via META-INF/services, and add JMeter-Skip-Class-Scanning=true manifest attribute so JMeter can skip classfile scanning
2023-09-07 15:42:21,366 INFO o.a.j.r.ClassFinder: Will scan jar C:\apache-jmeter-5.6.2\lib\ext\jmeter-plugins-graphs-additional-2.0.jar with filter ExtendsClassFilter [parents=[interface org.apache.jmeter.gui.plugin.MenuCreator], inner=false, contains=null, notContains=null]. Consider exposing JMeter plugins via META-INF/services, and add JMeter-Skip-Class-Scanning=true manifest attribute so JMeter can skip classfile scanning
2023-09-07 15:42:21,455 WARN o.j.r.PluginManager: Found JAR conflict: C:\apache-jmeter-5.6.2\lib\cmdrunner-2.3.jar and C:\apache-jmeter-5.6.2\lib\cmdrunner-2.2.jar
2023-09-07 15:42:21,751 INFO o.j.r.JARSourceHTTP: Requesting https://jmeter-plugins.org/repo/?installID=windows_10-2e60b791d39c1a5cc2ad97e1ec711db3-gui
2023-09-07 15:42:32,664 INFO o.a.j.s.FileServer: Default base='C:\apache-jmeter-5.6.2\bin'
2023-09-07 15:42:32,664 INFO o.a.j.g.a.Load: Loading file: C:\apache-jmeter-5.6.2\bin\Computer_Database.jmx
2023-09-07 15:42:32,664 INFO o.a.j.s.FileServer: Set new base='C:\apache-jmeter-5.6.2\bin'
2023-09-07 15:42:32,873 INFO o.a.j.s.SaveService: Testplan (JMX) version: 2.2. Testlog (JTL) version: 2.2
2023-09-07 15:42:32,892 INFO o.a.j.s.SaveService: Using SaveService properties version 5.0
2023-09-07 15:42:32,894 INFO o.a.j.s.SaveService: Using SaveService properties file encoding UTF-8
2023-09-07 15:42:32,894 INFO o.a.j.s.SaveService: Loading file: C:\apache-jmeter-5.6.2\bin\Computer_Database.jmx
2023-09-07 15:42:33,020 INFO o.a.j.p.h.c.CookieManager: Settings: Delete null: true Check: true Allow variable: true Save: false Prefix: COOKIE_
2023-09-07 15:42:33,022 INFO o.a.j.p.h.c.CacheManager: Will only cache the following methods: [GET]
2023-09-07 15:42:33,025 INFO o.a.j.p.h.s.HTTPSamplerBase: Parser for text/html is org.apache.jmeter.protocol.http.parser.LagartoBasedHtmlParser
2023-09-07 15:42:33,025 INFO o.a.j.p.h.s.HTTPSamplerBase: Parser for application/xhtml+xml is org.apache.jmeter.protocol.http.parser.LagartoBasedHtmlParser
2023-09-07 15:42:33,025 INFO o.a.j.p.h.s.HTTPSamplerBase: Parser for application/xml is org.apache.jmeter.protocol.http.parser.LagartoBasedHtmlParser
2023-09-07 15:42:33,025 INFO o.a.j.p.h.s.HTTPSamplerBase: Parser for text/xml is org.apache.jmeter.protocol.http.parser.LagartoBasedHtmlParser
2023-09-07 15:42:33,025 INFO o.a.j.p.h.s.HTTPSamplerBase: Parser for text/vnd.wap.wml is org.apache.jmeter.protocol.http.parser.RegexpHTMLParser
2023-09-07 15:42:33,025 INFO o.a.j.p.h.s.HTTPSamplerBase: Parser for text/css is org.apache.jmeter.protocol.http.parser.CssParser
2023-09-07 15:42:33,376 INFO o.j.r.PluginManager: Plugins Status: [jpgc-graphs-basic=2.0, jpgc-graphs-additional=2.0, jpgc-cmd=2.2, jpgc-csl=0.1, jpgc-casutg=2.10, jpgc-dummy=0.4, jpgc-ggl=2.0, jpgc-fifo=0.2, jpgc-perfmon=2.1, jpgc-plugins-manager=1.9, jpgc-webdriver=4.10.0.0, jpgc-plancheck=2.4, jpgc-wsc=0.7, jmeter-core=5.6.2, jmeter-ftp=5.6.2, jmeter-http=5.6.2, jmeter-jdbc=5.6.2, jmeter-jms=5.6.2, jmeter-junit=5.6.2, jmeter-java=5.6.2, jmeter-ldap=5.6.2, jmeter-mail=5.6.2, jmeter-mongodb=5.6.2, jmeter-native=5.6.2, jmeter-tcp=5.6.2, jmeter-components=5.6.2]
2023-09-07 15:42:33,377 INFO o.j.r.PluginManagerMenuItem: Plugins Manager has upgrades: [jpgc-plugins-manager]
2023-09-07 15:42:33,459 INFO o.a.j.s.SampleResult: Note: Sample TimeStamps are START times
2023-09-07 15:42:33,459 INFO o.a.j.s.SampleResult: sampleresult.default.encoding is set to UTF-8
2023-09-07 15:42:33,459 INFO o.a.j.s.SampleResult: sampleresult.useNanoTime=true
2023-09-07 15:42:33,459 INFO o.a.j.s.SampleResult: sampleresult.nanoThreadSleep=5000
2023-09-07 15:42:33,512 INFO o.a.j.r.ClassFinder: Will scan jar C:\apache-jmeter-5.6.2\lib\ext\jmeter-plugins-graphs-basic-2.0.jar with filter ExtendsClassFilter [parents=[interface org.apache.jmeter.visualizers.ResultRenderer], inner=false, contains=null, notContains=null]. Consider exposing JMeter plugins via META-INF/services, and add JMeter-Skip-Class-Scanning=true manifest attribute so JMeter can skip classfile scanning
2023-09-07 15:42:33,519 INFO o.a.j.r.ClassFinder: Will scan jar C:\apache-jmeter-5.6.2\lib\ext\jmeter-plugins-cmd-2.2.jar with filter ExtendsClassFilter [parents=[interface org.apache.jmeter.visualizers.ResultRenderer], inner=false, contains=null, notContains=null]. Consider exposing JMeter plugins via META-INF/services, and add JMeter-Skip-Class-Scanning=true manifest attribute so JMeter can skip classfile scanning
2023-09-07 15:42:33,519 INFO o.a.j.r.ClassFinder: Will scan jar C:\apache-jmeter-5.6.2\lib\ext\jmeter-plugins-plancheck-2.4.jar with filter ExtendsClassFilter [parents=[interface org.apache.jmeter.visualizers.ResultRenderer], inner=false, contains=null, notContains=null]. Consider exposing JMeter plugins via META-INF/services, and add JMeter-Skip-Class-Scanning=true manifest attribute so JMeter can skip classfile scanning
2023-09-07 15:42:33,519 INFO o.a.j.r.ClassFinder: Will scan jar C:\apache-jmeter-5.6.2\lib\ext\jmeter-plugins-csl-0.1.jar with filter ExtendsClassFilter [parents=[interface org.apache.jmeter.visualizers.ResultRenderer], inner=false, contains=null, notContains=null]. Consider exposing JMeter plugins via META-INF/services, and add JMeter-Skip-Class-Scanning=true manifest attribute so JMeter can skip classfile scanning
2023-09-07 15:42:33,519 INFO o.a.j.r.ClassFinder: Will scan jar C:\apache-jmeter-5.6.2\lib\ext\jmeter-plugins-perfmon-2.1.jar with filter ExtendsClassFilter [parents=[interface org.apache.jmeter.visualizers.ResultRenderer], inner=false, contains=null, notContains=null]. Consider exposing JMeter plugins via META-INF/services, and add JMeter-Skip-Class-Scanning=true manifest attribute so JMeter can skip classfile scanning
2023-09-07 15:42:33,522 INFO o.a.j.r.ClassFinder: Will scan jar C:\apache-jmeter-5.6.2\lib\ext\jmeter-plugins-dummy-0.4.jar with filter ExtendsClassFilter [parents=[interface org.apache.jmeter.visualizers.ResultRenderer], inner=false, contains=null, notContains=null]. Consider exposing JMeter plugins via META-INF/services, and add JMeter-Skip-Class-Scanning=true manifest attribute so JMeter can skip classfile scanning
2023-09-07 15:42:33,523 INFO o.a.j.r.ClassFinder: Will scan jar C:\apache-jmeter-5.6.2\lib\ext\jmeter-plugins-graphs-ggl-2.0.jar with filter ExtendsClassFilter [parents=[interface org.apache.jmeter.visualizers.ResultRenderer], inner=false, contains=null, notContains=null]. Consider exposing JMeter plugins via META-INF/services, and add JMeter-Skip-Class-Scanning=true manifest attribute so JMeter can skip classfile scanning
2023-09-07 15:42:33,523 INFO o.a.j.r.ClassFinder: Will scan jar C:\apache-jmeter-5.6.2\lib\ext\jmeter-plugins-manager-1.9.jar with filter ExtendsClassFilter [parents=[interface org.apache.jmeter.visualizers.ResultRenderer], inner=false, contains=null, notContains=null]. Consider exposing JMeter plugins via META-INF/services, and add JMeter-Skip-Class-Scanning=true manifest attribute so JMeter can skip classfile scanning
2023-09-07 15:42:33,525 INFO o.a.j.r.ClassFinder: Will scan jar C:\apache-jmeter-5.6.2\lib\ext\jmeter-plugins-casutg-2.10.jar with filter ExtendsClassFilter [parents=[interface org.apache.jmeter.visualizers.ResultRenderer], inner=false, contains=null, notContains=null]. Consider exposing JMeter plugins via META-INF/services, and add JMeter-Skip-Class-Scanning=true manifest attribute so JMeter can skip classfile scanning
2023-09-07 15:42:33,527 INFO o.a.j.r.ClassFinder: Will scan jar C:\apache-jmeter-5.6.2\lib\ext\jmeter-plugins-webdriver-4.10.0.0.jar with filter ExtendsClassFilter [parents=[interface org.apache.jmeter.visualizers.ResultRenderer], inner=false, contains=null, notContains=null]. Consider exposing JMeter plugins via META-INF/services, and add JMeter-Skip-Class-Scanning=true manifest attribute so JMeter can skip classfile scanning
2023-09-07 15:42:33,527 INFO o.a.j.r.ClassFinder: Will scan jar C:\apache-jmeter-5.6.2\lib\ext\jmeter-plugins-wsc-0.7.jar with filter ExtendsClassFilter [parents=[interface org.apache.jmeter.visualizers.ResultRenderer], inner=false, contains=null, notContains=null]. Consider exposing JMeter plugins via META-INF/services, and add JMeter-Skip-Class-Scanning=true manifest attribute so JMeter can skip classfile scanning
2023-09-07 15:42:33,529 INFO o.a.j.r.ClassFinder: Will scan jar C:\apache-jmeter-5.6.2\lib\ext\jmeter-plugins-fifo-0.2.jar with filter ExtendsClassFilter [parents=[interface org.apache.jmeter.visualizers.ResultRenderer], inner=false, contains=null, notContains=null]. Consider exposing JMeter plugins via META-INF/services, and add JMeter-Skip-Class-Scanning=true manifest attribute so JMeter can skip classfile scanning
2023-09-07 15:42:33,529 INFO o.a.j.r.ClassFinder: Will scan jar C:\apache-jmeter-5.6.2\lib\ext\jmeter-plugins-graphs-additional-2.0.jar with filter ExtendsClassFilter [parents=[interface org.apache.jmeter.visualizers.ResultRenderer], inner=false, contains=null, notContains=null]. Consider exposing JMeter plugins via META-INF/services, and add JMeter-Skip-Class-Scanning=true manifest attribute so JMeter can skip classfile scanning
2023-09-07 15:42:33,552 INFO o.a.j.r.ClassFinder: Will scan jar C:\apache-jmeter-5.6.2\lib\ext\jmeter-plugins-graphs-basic-2.0.jar with filter ExtendsClassFilter [parents=[interface org.apache.jmeter.visualizers.RequestView], inner=false, contains=null, notContains=null]. Consider exposing JMeter plugins via META-INF/services, and add JMeter-Skip-Class-Scanning=true manifest attribute so JMeter can skip classfile scanning
2023-09-07 15:42:33,552 INFO o.a.j.r.ClassFinder: Will scan jar C:\apache-jmeter-5.6.2\lib\ext\jmeter-plugins-cmd-2.2.jar with filter ExtendsClassFilter [parents=[interface org.apache.jmeter.visualizers.RequestView], inner=false, contains=null, notContains=null]. Consider exposing JMeter plugins via META-INF/services, and add JMeter-Skip-Class-Scanning=true manifest attribute so JMeter can skip classfile scanning
2023-09-07 15:42:33,552 INFO o.a.j.r.ClassFinder: Will scan jar C:\apache-jmeter-5.6.2\lib\ext\jmeter-plugins-plancheck-2.4.jar with filter ExtendsClassFilter [parents=[interface org.apache.jmeter.visualizers.RequestView], inner=false, contains=null, notContains=null]. Consider exposing JMeter plugins via META-INF/services, and add JMeter-Skip-Class-Scanning=true manifest attribute so JMeter can skip classfile scanning
2023-09-07 15:42:33,552 INFO o.a.j.r.ClassFinder: Will scan jar C:\apache-jmeter-5.6.2\lib\ext\jmeter-plugins-csl-0.1.jar with filter ExtendsClassFilter [parents=[interface org.apache.jmeter.visualizers.RequestView], inner=false, contains=null, notContains=null]. Consider exposing JMeter plugins via META-INF/services, and add JMeter-Skip-Class-Scanning=true manifest attribute so JMeter can skip classfile scanning
2023-09-07 15:42:33,552 INFO o.a.j.r.ClassFinder: Will scan jar C:\apache-jmeter-5.6.2\lib\ext\jmeter-plugins-perfmon-2.1.jar with filter ExtendsClassFilter [parents=[interface org.apache.jmeter.visualizers.RequestView], inner=false, contains=null, notContains=null]. Consider exposing JMeter plugins via META-INF/services, and add JMeter-Skip-Class-Scanning=true manifest attribute so JMeter can skip classfile scanning
2023-09-07 15:42:33,557 INFO o.a.j.r.ClassFinder: Will scan jar C:\apache-jmeter-5.6.2\lib\ext\jmeter-plugins-dummy-0.4.jar with filter ExtendsClassFilter [parents=[interface org.apache.jmeter.visualizers.RequestView], inner=false, contains=null, notContains=null]. Consider exposing JMeter plugins via META-INF/services, and add JMeter-Skip-Class-Scanning=true manifest attribute so JMeter can skip classfile scanning
2023-09-07 15:42:33,557 INFO o.a.j.r.ClassFinder: Will scan jar C:\apache-jmeter-5.6.2\lib\ext\jmeter-plugins-graphs-ggl-2.0.jar with filter ExtendsClassFilter [parents=[interface org.apache.jmeter.visualizers.RequestView], inner=false, contains=null, notContains=null]. Consider exposing JMeter plugins via META-INF/services, and add JMeter-Skip-Class-Scanning=true manifest attribute so JMeter can skip classfile scanning
2023-09-07 15:42:33,557 INFO o.a.j.r.ClassFinder: Will scan jar C:\apache-jmeter-5.6.2\lib\ext\jmeter-plugins-manager-1.9.jar with filter ExtendsClassFilter [parents=[interface org.apache.jmeter.visualizers.RequestView], inner=false, contains=null, notContains=null]. Consider exposing JMeter plugins via META-INF/services, and add JMeter-Skip-Class-Scanning=true manifest attribute so JMeter can skip classfile scanning
2023-09-07 15:42:33,560 INFO o.a.j.r.ClassFinder: Will scan jar C:\apache-jmeter-5.6.2\lib\ext\jmeter-plugins-casutg-2.10.jar with filter ExtendsClassFilter [parents=[interface org.apache.jmeter.visualizers.RequestView], inner=false, contains=null, notContains=null]. Consider exposing JMeter plugins via META-INF/services, and add JMeter-Skip-Class-Scanning=true manifest attribute so JMeter can skip classfile scanning
2023-09-07 15:42:33,562 INFO o.a.j.r.ClassFinder: Will scan jar C:\apache-jmeter-5.6.2\lib\ext\jmeter-plugins-webdriver-4.10.0.0.jar with filter ExtendsClassFilter [parents=[interface org.apache.jmeter.visualizers.RequestView], inner=false, contains=null, notContains=null]. Consider exposing JMeter plugins via META-INF/services, and add JMeter-Skip-Class-Scanning=true manifest attribute so JMeter can skip classfile scanning
2023-09-07 15:42:33,562 INFO o.a.j.r.ClassFinder: Will scan jar C:\apache-jmeter-5.6.2\lib\ext\jmeter-plugins-wsc-0.7.jar with filter ExtendsClassFilter [parents=[interface org.apache.jmeter.visualizers.RequestView], inner=false, contains=null, notContains=null]. Consider exposing JMeter plugins via META-INF/services, and add JMeter-Skip-Class-Scanning=true manifest attribute so JMeter can skip classfile scanning
2023-09-07 15:42:33,562 INFO o.a.j.r.ClassFinder: Will scan jar C:\apache-jmeter-5.6.2\lib\ext\jmeter-plugins-fifo-0.2.jar with filter ExtendsClassFilter [parents=[interface org.apache.jmeter.visualizers.RequestView], inner=false, contains=null, notContains=null]. Consider exposing JMeter plugins via META-INF/services, and add JMeter-Skip-Class-Scanning=true manifest attribute so JMeter can skip classfile scanning
2023-09-07 15:42:33,562 INFO o.a.j.r.ClassFinder: Will scan jar C:\apache-jmeter-5.6.2\lib\ext\jmeter-plugins-graphs-additional-2.0.jar with filter ExtendsClassFilter [parents=[interface org.apache.jmeter.visualizers.RequestView], inner=false, contains=null, notContains=null]. Consider exposing JMeter plugins via META-INF/services, and add JMeter-Skip-Class-Scanning=true manifest attribute so JMeter can skip classfile scanning
2023-09-07 15:42:33,662 INFO o.a.j.s.FileServer: Set new base='C:\apache-jmeter-5.6.2\bin'
